<?xml version="1.0" encoding="UTF-8"?>
<!-- Generated by org.testng.reporters.JUnitXMLReporter -->
<testsuite ignored="0" hostname="PGUPTA-N" failures="0" tests="4" name="Yatra" time="6.72" errors="0" timestamp="2025-01-27T16:09:34 IST">
  <testcase classname="Dailypractice.Login" name="Title" time="0.033"/>
  <testcase classname="Dailypractice.Login" name="blankusername" time="0.04"/>
  <testcase classname="Dailypractice.Login" name="bothfieldsblank" time="0.01"/>
  <testcase classname="Dailypractice.Login" name="logintoapp" time="0.011"/>
</testsuite> <!-- Yatra -->
