<?xml version="1.0" encoding="UTF-8"?>
<testng-results ignored="0" total="4" passed="4" failed="0" skipped="0">
  <reporter-output>
  </reporter-output>
  <suite started-at="2025-01-27T16:09:27 IST" name="Default Suite" finished-at="2025-01-27T16:09:34 IST" duration-ms="6720">
    <groups>
    </groups>
    <test started-at="2025-01-27T16:09:27 IST" name="Yatra" finished-at="2025-01-27T16:09:34 IST" duration-ms="6720">
      <class name="Dailypractice.Login">
        <test-method is-config="true" signature="setup()[pri:0, instance:Dailypractice.Login@7cc0cdad]" started-at="2025-01-27T16:09:27 IST" name="setup" finished-at="2025-01-27T16:09:33 IST" duration-ms="6308" status="PASS">
          <reporter-output>
          </reporter-output>
        </test-method> <!-- setup -->
        <test-method signature="Title()[pri:0, instance:Dailypractice.Login@7cc0cdad]" started-at="2025-01-27T16:09:34 IST" name="Title" finished-at="2025-01-27T16:09:34 IST" duration-ms="33" status="PASS">
          <reporter-output>
          </reporter-output>
        </test-method> <!-- Title -->
        <test-method signature="blankusername()[pri:0, instance:Dailypractice.Login@7cc0cdad]" started-at="2025-01-27T16:09:34 IST" name="blankusername" finished-at="2025-01-27T16:09:34 IST" duration-ms="40" status="PASS">
          <reporter-output>
          </reporter-output>
        </test-method> <!-- blankusername -->
        <test-method signature="bothfieldsblank()[pri:0, instance:Dailypractice.Login@7cc0cdad]" started-at="2025-01-27T16:09:34 IST" name="bothfieldsblank" finished-at="2025-01-27T16:09:34 IST" duration-ms="10" status="PASS">
          <reporter-output>
          </reporter-output>
        </test-method> <!-- bothfieldsblank -->
        <test-method signature="logintoapp()[pri:0, instance:Dailypractice.Login@7cc0cdad]" started-at="2025-01-27T16:09:34 IST" name="logintoapp" finished-at="2025-01-27T16:09:34 IST" duration-ms="11" status="PASS">
          <reporter-output>
          </reporter-output>
        </test-method> <!-- logintoapp -->
        <test-method is-config="true" signature="teardown()[pri:0, instance:Dailypractice.Login@7cc0cdad]" started-at="2025-01-27T16:09:34 IST" name="teardown" finished-at="2025-01-27T16:09:34 IST" duration-ms="253" status="PASS">
          <reporter-output>
          </reporter-output>
        </test-method> <!-- teardown -->
      </class> <!-- Dailypractice.Login -->
    </test> <!-- Yatra -->
  </suite> <!-- Default Suite -->
</testng-results>
