<?xml version="1.0" encoding="UTF-8"?>
<!-- Generated by org.testng.reporters.JUnitReportReporter -->
<testsuite hostname="PGUPTA-N" failures="0" tests="4" name="Dailypractice.Login" time="0.094" errors="0" timestamp="2025-01-27T16:09:34 IST" skipped="0">
  <testcase classname="Dailypractice.Login" name="blankusername" time="0.040"/>
  <testcase classname="Dailypractice.Login" name="bothfieldsblank" time="0.010"/>
  <testcase classname="Dailypractice.Login" name="Title" time="0.033"/>
  <testcase classname="Dailypractice.Login" name="logintoapp" time="0.011"/>
</testsuite> <!-- Dailypractice.Login -->
